2022-05-21 14:28:29 - 日志器 - "F:\JACK\My_project\FnBlackbox_Appium\base\base_pase.py:9" - __init__ - INFO - 正在初始化, driver对象: <appium.webdriver.webdriver.WebDriver (session="2dee7215-2845-4c7d-a288-32320ed43ed4")>
2022-05-21 14:28:29 - 日志器 - "F:\JACK\My_project\FnBlackbox_Appium\base\base_pase.py:25" - base_input - INFO - 正在调用输入方法：('id', 'com.jekunauto.ability.dev:id/et_phone') 输入内容是: 17718853128
2022-05-21 14:28:29 - 日志器 - "F:\JACK\My_project\FnBlackbox_Appium\base\base_pase.py:14" - base_find - INFO - 正在查找元素: ('id', 'com.jekunauto.ability.dev:id/et_phone')

2022-05-21 14:28:31 - 日志器 - "F:\JACK\My_project\FnBlackbox_Appium\test_dir\test01_app_login.py:22" - test01_login_order - INFO - ！！！！！！！！！！！！！！！！！！！！！！！！！！！！
2022-05-21 14:28:31 - 日志器 - "F:\JACK\My_project\FnBlackbox_Appium\base\base_pase.py:25" - base_input - INFO - 正在调用输入方法：('id', 'com.jekunauto.ability.dev:id/et_code') 输入内容是: 55555
2022-05-21 14:28:31 - 日志器 - "F:\JACK\My_project\FnBlackbox_Appium\base\base_pase.py:14" - base_find - INFO - 正在查找元素: ('id', 'com.jekunauto.ability.dev:id/et_code')

2022-05-21 14:28:32 - 日志器 - "F:\JACK\My_project\FnBlackbox_Appium\base\base_pase.py:20" - base_click - INFO - 正在调用点击元素
2022-05-21 14:28:32 - 日志器 - "F:\JACK\My_project\FnBlackbox_Appium\base\base_pase.py:14" - base_find - INFO - 正在查找元素: ('id', 'com.jekunauto.ability.dev:id/iv_privacy_1')
2022-05-21 14:28:33 - 日志器 - "F:\JACK\My_project\FnBlackbox_Appium\base\base_pase.py:20" - base_click - INFO - 正在调用点击元素
2022-05-21 14:28:33 - 日志器 - "F:\JACK\My_project\FnBlackbox_Appium\base\base_pase.py:14" - base_find - INFO - 正在查找元素: ('id', 'com.jekunauto.ability.dev:id/tv_login')

2022-05-21 14:28:35 - 日志器 - "F:\JACK\My_project\FnBlackbox_Appium\base\base_pase.py:32" - base_get_text - INFO - 正在调用获取元素信息方法: ('id', 'com.jekunauto.ability.dev:id/tv_staff_name')
2022-05-21 14:28:35 - 日志器 - "F:\JACK\My_project\FnBlackbox_Appium\base\base_pase.py:14" - base_find - INFO - 正在查找元素: ('id', 'com.jekunauto.ability.dev:id/tv_staff_name')

2022-05-21 14:28:38 - 日志器 - "F:\JACK\My_project\FnBlackbox_Appium\test_dir\test01_app_login.py:31" - test01_login_order - ERROR - '李晓杰' != None
2022-05-21 14:28:38 - 日志器 - "F:\JACK\My_project\FnBlackbox_Appium\base\base_pase.py:37" - base_get_img_abs - INFO - 正在调用截图方法, 保存位置为F:\JACK\My_project\FnBlackbox_Appium\img\20220521142822.png

2022-05-21 15:05:25 - 日志器 - "F:\JACK\My_project\FnBlackbox_Appium\base\base_pase.py:9" - __init__ - INFO - 正在初始化, driver对象: <appium.webdriver.webdriver.WebDriver (session="12f30a16-1495-42f3-9d8b-498585518007")>
2022-05-21 15:05:25 - 日志器 - "F:\JACK\My_project\FnBlackbox_Appium\base\base_pase.py:25" - base_input - INFO - 正在调用输入方法：('id', 'com.jekunauto.ability.dev:id/et_phone') 输入内容是: 17718853128
2022-05-21 15:05:25 - 日志器 - "F:\JACK\My_project\FnBlackbox_Appium\base\base_pase.py:14" - base_find - INFO - 正在查找元素: ('id', 'com.jekunauto.ability.dev:id/et_phone')

2022-05-21 15:05:27 - 日志器 - "F:\JACK\My_project\FnBlackbox_Appium\test_dir\test01_app_login.py:22" - test01_login_order - INFO - ！！！！！！！！！！！！！！！！！！！！！！！！！！！！
2022-05-21 15:05:27 - 日志器 - "F:\JACK\My_project\FnBlackbox_Appium\base\base_pase.py:25" - base_input - INFO - 正在调用输入方法：('id', 'com.jekunauto.ability.dev:id/et_code') 输入内容是: 55555
2022-05-21 15:05:27 - 日志器 - "F:\JACK\My_project\FnBlackbox_Appium\base\base_pase.py:14" - base_find - INFO - 正在查找元素: ('id', 'com.jekunauto.ability.dev:id/et_code')

2022-05-21 15:05:28 - 日志器 - "F:\JACK\My_project\FnBlackbox_Appium\base\base_pase.py:20" - base_click - INFO - 正在调用点击元素
2022-05-21 15:05:28 - 日志器 - "F:\JACK\My_project\FnBlackbox_Appium\base\base_pase.py:14" - base_find - INFO - 正在查找元素: ('id', 'com.jekunauto.ability.dev:id/iv_privacy_1')

2022-05-21 15:05:29 - 日志器 - "F:\JACK\My_project\FnBlackbox_Appium\base\base_pase.py:20" - base_click - INFO - 正在调用点击元素
2022-05-21 15:05:29 - 日志器 - "F:\JACK\My_project\FnBlackbox_Appium\base\base_pase.py:14" - base_find - INFO - 正在查找元素: ('id', 'com.jekunauto.ability.dev:id/tv_login')

2022-05-21 15:05:31 - 日志器 - "F:\JACK\My_project\FnBlackbox_Appium\base\base_pase.py:32" - base_get_text - INFO - 正在调用获取元素信息方法: ('id', 'com.jekunauto.ability.dev:id/tv_staff_name')
2022-05-21 15:05:31 - 日志器 - "F:\JACK\My_project\FnBlackbox_Appium\base\base_pase.py:14" - base_find - INFO - 正在查找元素: ('id', 'com.jekunauto.ability.dev:id/tv_staff_name')

2022-05-21 15:05:34 - 日志器 - "F:\JACK\My_project\FnBlackbox_Appium\test_dir\test01_app_login.py:31" - test01_login_order - ERROR - '李晓杰' != None
2022-05-21 15:05:34 - 日志器 - "F:\JACK\My_project\FnBlackbox_Appium\base\base_pase.py:37" - base_get_img_abs - INFO - 正在调用截图方法, 保存位置为F:\JACK\My_project\FnBlackbox_Appium\img\20220521150518.png

2022-05-21 15:07:37 - 日志器 - "F:\JACK\My_project\FnBlackbox_Appium\base\base_pase.py:9" - __init__ - INFO - 正在初始化, driver对象: <appium.webdriver.webdriver.WebDriver (session="ec93a887-0d75-4745-b905-0878fd2df2cb")>
2022-05-21 15:07:37 - 日志器 - "F:\JACK\My_project\FnBlackbox_Appium\base\base_pase.py:25" - base_input - INFO - 正在调用输入方法：('id', 'com.jekunauto.ability.dev:id/et_phone') 输入内容是: 17718853128
2022-05-21 15:07:37 - 日志器 - "F:\JACK\My_project\FnBlackbox_Appium\base\base_pase.py:14" - base_find - INFO - 正在查找元素: ('id', 'com.jekunauto.ability.dev:id/et_phone')

2022-05-21 15:07:38 - 日志器 - "F:\JACK\My_project\FnBlackbox_Appium\test_dir\test01_app_login.py:22" - test01_login_order - INFO - ！！！！！！！！！！！！！！！！！！！！！！！！！！！！
2022-05-21 15:07:38 - 日志器 - "F:\JACK\My_project\FnBlackbox_Appium\base\base_pase.py:25" - base_input - INFO - 正在调用输入方法：('id', 'com.jekunauto.ability.dev:id/et_code') 输入内容是: 55555
2022-05-21 15:07:38 - 日志器 - "F:\JACK\My_project\FnBlackbox_Appium\base\base_pase.py:14" - base_find - INFO - 正在查找元素: ('id', 'com.jekunauto.ability.dev:id/et_code')

2022-05-21 15:07:40 - 日志器 - "F:\JACK\My_project\FnBlackbox_Appium\base\base_pase.py:20" - base_click - INFO - 正在调用点击元素
2022-05-21 15:07:40 - 日志器 - "F:\JACK\My_project\FnBlackbox_Appium\base\base_pase.py:14" - base_find - INFO - 正在查找元素: ('id', 'com.jekunauto.ability.dev:id/iv_privacy_1')
2022-05-21 15:07:40 - 日志器 - "F:\JACK\My_project\FnBlackbox_Appium\base\base_pase.py:20" - base_click - INFO - 正在调用点击元素
2022-05-21 15:07:40 - 日志器 - "F:\JACK\My_project\FnBlackbox_Appium\base\base_pase.py:14" - base_find - INFO - 正在查找元素: ('id', 'com.jekunauto.ability.dev:id/tv_login')

2022-05-21 15:07:43 - 日志器 - "F:\JACK\My_project\FnBlackbox_Appium\base\base_pase.py:32" - base_get_text - INFO - 正在调用获取元素信息方法: ('id', 'com.jekunauto.ability.dev:id/tv_staff_name')
2022-05-21 15:07:43 - 日志器 - "F:\JACK\My_project\FnBlackbox_Appium\base\base_pase.py:14" - base_find - INFO - 正在查找元素: ('id', 'com.jekunauto.ability.dev:id/tv_staff_name')

2022-05-21 15:07:45 - 日志器 - "F:\JACK\My_project\FnBlackbox_Appium\test_dir\test01_app_login.py:31" - test01_login_order - ERROR - '李晓杰' != None
2022-05-21 15:07:45 - 日志器 - "F:\JACK\My_project\FnBlackbox_Appium\base\base_pase.py:37" - base_get_img_abs - INFO - 正在调用截图方法, 保存位置为F:\JACK\My_project\FnBlackbox_Appium\img\20220521150729.png

2022-05-21 15:11:28 - 日志器 - "F:\JACK\My_project\FnBlackbox_Appium\base\base_pase.py:9" - __init__ - INFO - 正在初始化, driver对象: <appium.webdriver.webdriver.WebDriver (session="7a85dcb7-354c-4175-936c-2eabd18922b8")>
2022-05-21 15:11:28 - 日志器 - "F:\JACK\My_project\FnBlackbox_Appium\base\base_pase.py:25" - base_input - INFO - 正在调用输入方法：('id', 'com.jekunauto.ability.dev:id/et_phone') 输入内容是: 17718853128
2022-05-21 15:11:28 - 日志器 - "F:\JACK\My_project\FnBlackbox_Appium\base\base_pase.py:14" - base_find - INFO - 正在查找元素: ('id', 'com.jekunauto.ability.dev:id/et_phone')

2022-05-21 15:11:29 - 日志器 - "F:\JACK\My_project\FnBlackbox_Appium\test_dir\test01_app_login.py:22" - test01_login_order - INFO - ！！！！！！！！！！！！！！！！！！！！！！！！！！！！
2022-05-21 15:11:29 - 日志器 - "F:\JACK\My_project\FnBlackbox_Appium\base\base_pase.py:25" - base_input - INFO - 正在调用输入方法：('id', 'com.jekunauto.ability.dev:id/et_code') 输入内容是: 55555
2022-05-21 15:11:29 - 日志器 - "F:\JACK\My_project\FnBlackbox_Appium\base\base_pase.py:14" - base_find - INFO - 正在查找元素: ('id', 'com.jekunauto.ability.dev:id/et_code')

2022-05-21 15:11:31 - 日志器 - "F:\JACK\My_project\FnBlackbox_Appium\base\base_pase.py:20" - base_click - INFO - 正在调用点击元素
2022-05-21 15:11:31 - 日志器 - "F:\JACK\My_project\FnBlackbox_Appium\base\base_pase.py:14" - base_find - INFO - 正在查找元素: ('id', 'com.jekunauto.ability.dev:id/iv_privacy_1')

2022-05-21 15:11:31 - 日志器 - "F:\JACK\My_project\FnBlackbox_Appium\base\base_pase.py:20" - base_click - INFO - 正在调用点击元素
2022-05-21 15:11:31 - 日志器 - "F:\JACK\My_project\FnBlackbox_Appium\base\base_pase.py:14" - base_find - INFO - 正在查找元素: ('id', 'com.jekunauto.ability.dev:id/tv_login')

2022-05-21 15:11:34 - 日志器 - "F:\JACK\My_project\FnBlackbox_Appium\base\base_pase.py:32" - base_get_text - INFO - 正在调用获取元素信息方法: ('id', 'com.jekunauto.ability.dev:id/tv_staff_name')
2022-05-21 15:11:34 - 日志器 - "F:\JACK\My_project\FnBlackbox_Appium\base\base_pase.py:14" - base_find - INFO - 正在查找元素: ('id', 'com.jekunauto.ability.dev:id/tv_staff_name')

2022-05-21 15:11:36 - 日志器 - "F:\JACK\My_project\FnBlackbox_Appium\base\base_pase.py:32" - base_get_text - INFO - 正在调用获取元素信息方法: ('id', 'com.jekunauto.ability.dev:id/tv_staff_name')
2022-05-21 15:11:36 - 日志器 - "F:\JACK\My_project\FnBlackbox_Appium\base\base_pase.py:14" - base_find - INFO - 正在查找元素: ('id', 'com.jekunauto.ability.dev:id/tv_staff_name')
2022-05-21 15:11:36 - 日志器 - "F:\JACK\My_project\FnBlackbox_Appium\page\page_app_login.py:29" - page_app_get_nickname - INFO - 操作人姓名李晓杰
2022-05-21 15:11:36 - 日志器 - "F:\JACK\My_project\FnBlackbox_Appium\test_dir\test01_app_login.py:31" - test01_login_order - ERROR - '李晓杰' != None
2022-05-21 15:11:36 - 日志器 - "F:\JACK\My_project\FnBlackbox_Appium\base\base_pase.py:37" - base_get_img_abs - INFO - 正在调用截图方法, 保存位置为F:\JACK\My_project\FnBlackbox_Appium\img\20220521151120.png

2022-05-21 15:13:17 - 日志器 - "F:\JACK\My_project\FnBlackbox_Appium\base\base_pase.py:9" - __init__ - INFO - 正在初始化, driver对象: <appium.webdriver.webdriver.WebDriver (session="2a9803bf-bbec-4ae0-b425-4a3b9b13ec88")>
2022-05-21 15:13:17 - 日志器 - "F:\JACK\My_project\FnBlackbox_Appium\base\base_pase.py:25" - base_input - INFO - 正在调用输入方法：('id', 'com.jekunauto.ability.dev:id/et_phone') 输入内容是: 17718853128
2022-05-21 15:13:17 - 日志器 - "F:\JACK\My_project\FnBlackbox_Appium\base\base_pase.py:14" - base_find - INFO - 正在查找元素: ('id', 'com.jekunauto.ability.dev:id/et_phone')

2022-05-21 15:13:18 - 日志器 - "F:\JACK\My_project\FnBlackbox_Appium\base\base_pase.py:25" - base_input - INFO - 正在调用输入方法：('id', 'com.jekunauto.ability.dev:id/et_code') 输入内容是: 55555
2022-05-21 15:13:18 - 日志器 - "F:\JACK\My_project\FnBlackbox_Appium\base\base_pase.py:14" - base_find - INFO - 正在查找元素: ('id', 'com.jekunauto.ability.dev:id/et_code')

2022-05-21 15:13:20 - 日志器 - "F:\JACK\My_project\FnBlackbox_Appium\base\base_pase.py:20" - base_click - INFO - 正在调用点击元素
2022-05-21 15:13:20 - 日志器 - "F:\JACK\My_project\FnBlackbox_Appium\base\base_pase.py:14" - base_find - INFO - 正在查找元素: ('id', 'com.jekunauto.ability.dev:id/iv_privacy_1')

2022-05-21 15:13:20 - 日志器 - "F:\JACK\My_project\FnBlackbox_Appium\base\base_pase.py:20" - base_click - INFO - 正在调用点击元素
2022-05-21 15:13:20 - 日志器 - "F:\JACK\My_project\FnBlackbox_Appium\base\base_pase.py:14" - base_find - INFO - 正在查找元素: ('id', 'com.jekunauto.ability.dev:id/tv_login')

2022-05-21 15:13:23 - 日志器 - "F:\JACK\My_project\FnBlackbox_Appium\base\base_pase.py:32" - base_get_text - INFO - 正在调用获取元素信息方法: ('id', 'com.jekunauto.ability.dev:id/tv_staff_name')
2022-05-21 15:13:23 - 日志器 - "F:\JACK\My_project\FnBlackbox_Appium\base\base_pase.py:14" - base_find - INFO - 正在查找元素: ('id', 'com.jekunauto.ability.dev:id/tv_staff_name')

2022-05-21 15:13:25 - 日志器 - "F:\JACK\My_project\FnBlackbox_Appium\test_dir\test01_app_login.py:28" - test01_login_order - INFO - ===>验证成功

2022-05-21 15:15:30 - 日志器 - "F:\JACK\My_project\FnBlackbox_Appium\base\base_pase.py:9" - __init__ - INFO - 正在初始化, driver对象: <appium.webdriver.webdriver.WebDriver (session="5510e9d1-dbea-40db-bc96-fa56ea343489")>
2022-05-21 15:15:30 - 日志器 - "F:\JACK\My_project\FnBlackbox_Appium\base\base_pase.py:25" - base_input - INFO - 正在调用输入方法：('id', 'com.jekunauto.ability.dev:id/et_phone') 输入内容是: 17718853128
2022-05-21 15:15:30 - 日志器 - "F:\JACK\My_project\FnBlackbox_Appium\base\base_pase.py:14" - base_find - INFO - 正在查找元素: ('id', 'com.jekunauto.ability.dev:id/et_phone')

2022-05-21 15:15:31 - 日志器 - "F:\JACK\My_project\FnBlackbox_Appium\base\base_pase.py:25" - base_input - INFO - 正在调用输入方法：('id', 'com.jekunauto.ability.dev:id/et_code') 输入内容是: 55555
2022-05-21 15:15:31 - 日志器 - "F:\JACK\My_project\FnBlackbox_Appium\base\base_pase.py:14" - base_find - INFO - 正在查找元素: ('id', 'com.jekunauto.ability.dev:id/et_code')

2022-05-21 15:15:33 - 日志器 - "F:\JACK\My_project\FnBlackbox_Appium\base\base_pase.py:20" - base_click - INFO - 正在调用点击元素
2022-05-21 15:15:33 - 日志器 - "F:\JACK\My_project\FnBlackbox_Appium\base\base_pase.py:14" - base_find - INFO - 正在查找元素: ('id', 'com.jekunauto.ability.dev:id/iv_privacy_1')

2022-05-21 15:15:34 - 日志器 - "F:\JACK\My_project\FnBlackbox_Appium\base\base_pase.py:20" - base_click - INFO - 正在调用点击元素
2022-05-21 15:15:34 - 日志器 - "F:\JACK\My_project\FnBlackbox_Appium\base\base_pase.py:14" - base_find - INFO - 正在查找元素: ('id', 'com.jekunauto.ability.dev:id/tv_login')

2022-05-21 15:15:36 - 日志器 - "F:\JACK\My_project\FnBlackbox_Appium\base\base_pase.py:32" - base_get_text - INFO - 正在调用获取元素信息方法: ('id', 'com.jekunauto.ability.dev:id/tv_staff_name')
2022-05-21 15:15:36 - 日志器 - "F:\JACK\My_project\FnBlackbox_Appium\base\base_pase.py:14" - base_find - INFO - 正在查找元素: ('id', 'com.jekunauto.ability.dev:id/tv_staff_name')

2022-05-21 15:15:39 - 日志器 - "F:\JACK\My_project\FnBlackbox_Appium\test_dir\test01_app_login.py:26" - test01_login_order - INFO - 登录账户昵称为：李晓杰
2022-05-21 15:15:39 - 日志器 - "F:\JACK\My_project\FnBlackbox_Appium\test_dir\test01_app_login.py:28" - test01_login_order - INFO - ===>验证成功

